# JRE version: OpenJDK Runtime Environment (11.0.15) (build 11.0.15+0-b2043.56-9505619)
# Java VM: OpenJDK 64-Bit Server VM (11.0.15+0-b2043.56-9505619, mixed mode, tiered, compressed oops, g1 gc, windows-amd64)
Heap:
 garbage-first heap   total 260096K, used 99276K [0x0000000080000000, 0x0000000100000000)
  region size 1024K, 24 young (24576K), 13 survivors (13312K)
 Metaspace       used 43617K, capacity 44561K, committed 44848K, reserved 1089536K
  class space    used 5384K, capacity 5706K, committed 5760K, reserved 1048576K
GC Heap History (20 events):
Event: 13.271 GC heap after
{Heap after GC invocations=7 (full 0):
 garbage-first heap   total 260096K, used 66500K [0x0000000080000000, 0x0000000100000000)
  region size 1024K, 14 young (14336K), 14 survivors (14336K)
 Metaspace       used 43572K, capacity 44497K, committed 44592K, reserved 1087488K
  class space    used 5383K, capacity 5706K, committed 5760K, reserved 1048576K
}
Event: 13.485 GC heap before
{Heap before GC invocations=7 (full 0):
 garbage-first heap   total 260096K, used 176068K [0x0000000080000000, 0x0000000100000000)
  region size 1024K, 120 young (122880K), 14 survivors (14336K)
 Metaspace       used 43587K, capacity 44497K, committed 44592K, reserved 1087488K
  class space    used 5383K, capacity 5706K, committed 5760K, reserved 1048576K
}
Event: 13.493 GC heap after
{Heap after GC invocations=8 (full 0):
 garbage-first heap   total 260096K, used 70304K [0x0000000080000000, 0x0000000100000000)
  region size 1024K, 12 young (12288K), 12 survivors (12288K)
 Metaspace       used 43587K, capacity 44497K, committed 44592K, reserved 1087488K
  class space    used 5383K, capacity 5706K, committed 5760K, reserved 1048576K
}
Event: 13.681 GC heap before
{Heap before GC invocations=8 (full 0):
 garbage-first heap   total 260096K, used 182944K [0x0000000080000000, 0x0000000100000000)
  region size 1024K, 122 young (124928K), 12 survivors (12288K)
 Metaspace       used 43593K, capacity 44561K, committed 44848K, reserved 1089536K
  class space    used 5384K, capacity 5706K, committed 5760K, reserved 1048576K
}
Event: 13.686 GC heap after
{Heap after GC invocations=9 (full 0):
 garbage-first heap   total 260096K, used 71892K [0x0000000080000000, 0x0000000100000000)
  region size 1024K, 7 young (7168K), 7 survivors (7168K)
 Metaspace       used 43593K, capacity 44561K, committed 44848K, reserved 1089536K
  class space    used 5384K, capacity 5706K, committed 5760K, reserved 1048576K
}
Event: 13.905 GC heap before
{Heap before GC invocations=9 (full 0):
 garbage-first heap   total 260096K, used 192724K [0x0000000080000000, 0x0000000100000000)
  region size 1024K, 125 young (128000K), 7 survivors (7168K)
 Metaspace       used 43594K, capacity 44561K, committed 44848K, reserved 1089536K
  class space    used 5384K, capacity 5706K, committed 5760K, reserved 1048576K
}
Event: 13.908 GC heap after
{Heap after GC invocations=10 (full 0):
 garbage-first heap   total 260096K, used 72662K [0x0000000080000000, 0x0000000100000000)
  region size 1024K, 8 young (8192K), 8 survivors (8192K)
 Metaspace       used 43594K, capacity 44561K, committed 44848K, reserved 1089536K
  class space    used 5384K, capacity 5706K, committed 5760K, reserved 1048576K
}
Event: 14.127 GC heap before
{Heap before GC invocations=10 (full 0):
 garbage-first heap   total 260096K, used 197590K [0x0000000080000000, 0x0000000100000000)
  region size 1024K, 130 young (133120K), 8 survivors (8192K)
 Metaspace       used 43596K, capacity 44561K, committed 44848K, reserved 1089536K
  class space    used 5384K, capacity 5706K, committed 5760K, reserved 1048576K
}
Event: 14.130 GC heap after
{Heap after GC invocations=11 (full 0):
 garbage-first heap   total 260096K, used 74445K [0x0000000080000000, 0x0000000100000000)
  region size 1024K, 10 young (10240K), 10 survivors (10240K)
 Metaspace       used 43596K, capacity 44561K, committed 44848K, reserved 1089536K
  class space    used 5384K, capacity 5706K, committed 5760K, reserved 1048576K
}
Event: 14.412 GC heap before
{Heap before GC invocations=11 (full 0):
 garbage-first heap   total 260096K, used 205517K [0x0000000080000000, 0x0000000100000000)
  region size 1024K, 136 young (139264K), 10 survivors (10240K)
 Metaspace       used 43596K, capacity 44561K, committed 44848K, reserved 1089536K
  class space    used 5384K, capacity 5706K, committed 5760K, reserved 1048576K
}
Event: 14.420 GC heap after
{Heap after GC invocations=12 (full 0):
 garbage-first heap   total 260096K, used 77635K [0x0000000080000000, 0x0000000100000000)
  region size 1024K, 12 young (12288K), 12 survivors (12288K)
 Metaspace       used 43596K, capacity 44561K, committed 44848K, reserved 1089536K
  class space    used 5384K, capacity 5706K, committed 5760K, reserved 1048576K
}
Event: 14.597 GC heap before
{Heap before GC invocations=12 (full 0):
 garbage-first heap   total 260096K, used 205635K [0x0000000080000000, 0x0000000100000000)
  region size 1024K, 137 young (140288K), 12 survivors (12288K)
 Metaspace       used 43599K, capacity 44561K, committed 44848K, reserved 1089536K
  class space    used 5384K, capacity 5706K, committed 5760K, reserved 1048576K
}
Event: 14.605 GC heap after
{Heap after GC invocations=13 (full 0):
 garbage-first heap   total 260096K, used 83249K [0x0000000080000000, 0x0000000100000000)
  region size 1024K, 15 young (15360K), 15 survivors (15360K)
 Metaspace       used 43599K, capacity 44561K, committed 44848K, reserved 1089536K
  class space    used 5384K, capacity 5706K, committed 5760K, reserved 1048576K
}
Event: 14.754 GC heap before
{Heap before GC invocations=13 (full 0):
 garbage-first heap   total 260096K, used 209201K [0x0000000080000000, 0x0000000100000000)
  region size 1024K, 138 young (141312K), 15 survivors (15360K)
 Metaspace       used 43602K, capacity 44561K, committed 44848K, reserved 1089536K
  class space    used 5384K, capacity 5706K, committed 5760K, reserved 1048576K
}
Event: 14.762 GC heap after
{Heap after GC invocations=14 (full 0):
 garbage-first heap   total 260096K, used 85352K [0x0000000080000000, 0x0000000100000000)
  region size 1024K, 9 young (9216K), 9 survivors (9216K)
 Metaspace       used 43602K, capacity 44561K, committed 44848K, reserved 1089536K
  class space    used 5384K, capacity 5706K, committed 5760K, reserved 1048576K
}
Event: 14.894 GC heap before
{Heap before GC invocations=14 (full 0):
 garbage-first heap   total 260096K, used 211304K [0x0000000080000000, 0x0000000100000000)
  region size 1024K, 132 young (135168K), 9 survivors (9216K)
 Metaspace       used 43602K, capacity 44561K, committed 44848K, reserved 1089536K
  class space    used 5384K, capacity 5706K, committed 5760K, reserved 1048576K
}
Event: 14.897 GC heap after
{Heap after GC invocations=15 (full 0):
 garbage-first heap   total 260096K, used 85694K [0x0000000080000000, 0x0000000100000000)
  region size 1024K, 9 young (9216K), 9 survivors (9216K)
 Metaspace       used 43602K, capacity 44561K, committed 44848K, reserved 1089536K
  class space    used 5384K, capacity 5706K, committed 5760K, reserved 1048576K
}
Event: 15.068 GC heap before
{Heap before GC invocations=15 (full 0):
 garbage-first heap   total 260096K, used 215742K [0x0000000080000000, 0x0000000100000000)
  region size 1024K, 134 young (137216K), 9 survivors (9216K)
 Metaspace       used 43611K, capacity 44561K, committed 44848K, reserved 1089536K
  class space    used 5384K, capacity 5706K, committed 5760K, reserved 1048576K
}
Event: 15.072 GC heap after
{Heap after GC invocations=16 (full 0):
 garbage-first heap   total 260096K, used 85880K [0x0000000080000000, 0x0000000100000000)
  region size 1024K, 11 young (11264K), 11 survivors (11264K)
 Metaspace       used 43611K, capacity 44561K, committed 44848K, reserved 1089536K
  class space    used 5384K, capacity 5706K, committed 5760K, reserved 1048576K
}
Event: 15.374 GC heap before
{Heap before GC invocations=16 (full 0):
 garbage-first heap   total 260096K, used 213880K [0x0000000080000000, 0x0000000100000000)
  region size 1024K, 136 young (139264K), 11 survivors (11264K)
 Metaspace       used 43617K, capacity 44561K, committed 44848K, reserved 1089536K
  class space    used 5384K, capacity 5706K, committed 5760K, reserved 1048576K
}

